<?xml version="1.0" encoding="UTF-8"?>
<testsuite xmlns:xsi="http://www.w3.org/2001/XMLSchema-instance" xsi:noNamespaceSchemaLocation="https://maven.apache.org/surefire/maven-surefire-plugin/xsd/surefire-test-report-3.0.xsd" version="3.0" name="TestRunner.TestRun" time="87.737" tests="5" errors="0" skipped="0" failures="0">
  <properties>
    <property name="java.specification.version" value="17"/>
    <property name="sun.cpu.isalist" value="amd64"/>
    <property name="sun.jnu.encoding" value="Cp1252"/>
    <property name="java.class.path" value="C:\Users\2318517\Downloads\Cucumber_EMI_CODEZILLA 1\Cucumber_EMI_CODEZILLA\Hackathon_Project\target\test-classes;C:\Users\2318517\Downloads\Cucumber_EMI_CODEZILLA 1\Cucumber_EMI_CODEZILLA\Hackathon_Project\target\classes;C:\Users\2318517\.m2\repository\org\seleniumhq\selenium\selenium-java\4.16.0\selenium-java-4.16.0.jar;C:\Users\2318517\.m2\repository\org\seleniumhq\selenium\selenium-api\4.16.0\selenium-api-4.16.0.jar;C:\Users\2318517\.m2\repository\org\seleniumhq\selenium\selenium-chrome-driver\4.16.0\selenium-chrome-driver-4.16.0.jar;C:\Users\2318517\.m2\repository\com\google\auto\service\auto-service-annotations\1.1.1\auto-service-annotations-1.1.1.jar;C:\Users\2318517\.m2\repository\org\seleniumhq\selenium\selenium-chromium-driver\4.16.0\selenium-chromium-driver-4.16.0.jar;C:\Users\2318517\.m2\repository\org\seleniumhq\selenium\selenium-json\4.16.0\selenium-json-4.16.0.jar;C:\Users\2318517\.m2\repository\org\seleniumhq\selenium\selenium-manager\4.16.0\selenium-manager-4.16.0.jar;C:\Users\2318517\.m2\repository\org\seleniumhq\selenium\selenium-devtools-v118\4.16.0\selenium-devtools-v118-4.16.0.jar;C:\Users\2318517\.m2\repository\org\seleniumhq\selenium\selenium-devtools-v119\4.16.0\selenium-devtools-v119-4.16.0.jar;C:\Users\2318517\.m2\repository\org\seleniumhq\selenium\selenium-devtools-v120\4.16.0\selenium-devtools-v120-4.16.0.jar;C:\Users\2318517\.m2\repository\org\seleniumhq\selenium\selenium-devtools-v85\4.16.0\selenium-devtools-v85-4.16.0.jar;C:\Users\2318517\.m2\repository\org\seleniumhq\selenium\selenium-edge-driver\4.16.0\selenium-edge-driver-4.16.0.jar;C:\Users\2318517\.m2\repository\org\seleniumhq\selenium\selenium-firefox-driver\4.16.0\selenium-firefox-driver-4.16.0.jar;C:\Users\2318517\.m2\repository\org\seleniumhq\selenium\selenium-http\4.16.0\selenium-http-4.16.0.jar;C:\Users\2318517\.m2\repository\dev\failsafe\failsafe\3.3.2\failsafe-3.3.2.jar;C:\Users\2318517\.m2\repository\org\seleniumhq\selenium\selenium-ie-driver\4.16.0\selenium-ie-driver-4.16.0.jar;C:\Users\2318517\.m2\repository\org\seleniumhq\selenium\selenium-remote-driver\4.16.0\selenium-remote-driver-4.16.0.jar;C:\Users\2318517\.m2\repository\com\google\guava\guava\32.1.2-jre\guava-32.1.2-jre.jar;C:\Users\2318517\.m2\repository\com\google\guava\failureaccess\1.0.1\failureaccess-1.0.1.jar;C:\Users\2318517\.m2\repository\com\google\guava\listenablefuture\9999.0-empty-to-avoid-conflict-with-guava\listenablefuture-9999.0-empty-to-avoid-conflict-with-guava.jar;C:\Users\2318517\.m2\repository\com\google\code\findbugs\jsr305\3.0.2\jsr305-3.0.2.jar;C:\Users\2318517\.m2\repository\org\checkerframework\checker-qual\3.33.0\checker-qual-3.33.0.jar;C:\Users\2318517\.m2\repository\com\google\errorprone\error_prone_annotations\2.18.0\error_prone_annotations-2.18.0.jar;C:\Users\2318517\.m2\repository\com\google\j2objc\j2objc-annotations\2.8\j2objc-annotations-2.8.jar;C:\Users\2318517\.m2\repository\io\opentelemetry\opentelemetry-api\1.28.0\opentelemetry-api-1.28.0.jar;C:\Users\2318517\.m2\repository\io\opentelemetry\opentelemetry-context\1.28.0\opentelemetry-context-1.28.0.jar;C:\Users\2318517\.m2\repository\io\opentelemetry\opentelemetry-exporter-logging\1.28.0\opentelemetry-exporter-logging-1.28.0.jar;C:\Users\2318517\.m2\repository\io\opentelemetry\opentelemetry-sdk-metrics\1.28.0\opentelemetry-sdk-metrics-1.28.0.jar;C:\Users\2318517\.m2\repository\io\opentelemetry\opentelemetry-extension-incubator\1.28.0-alpha\opentelemetry-extension-incubator-1.28.0-alpha.jar;C:\Users\2318517\.m2\repository\io\opentelemetry\opentelemetry-sdk-logs\1.28.0\opentelemetry-sdk-logs-1.28.0.jar;C:\Users\2318517\.m2\repository\io\opentelemetry\opentelemetry-sdk-common\1.28.0\opentelemetry-sdk-common-1.28.0.jar;C:\Users\2318517\.m2\repository\io\opentelemetry\opentelemetry-sdk-extension-autoconfigure-spi\1.28.0\opentelemetry-sdk-extension-autoconfigure-spi-1.28.0.jar;C:\Users\2318517\.m2\repository\io\opentelemetry\opentelemetry-sdk-extension-autoconfigure\1.28.0\opentelemetry-sdk-extension-autoconfigure-1.28.0.jar;C:\Users\2318517\.m2\repository\io\opentelemetry\opentelemetry-api-events\1.28.0-alpha\opentelemetry-api-events-1.28.0-alpha.jar;C:\Users\2318517\.m2\repository\io\opentelemetry\opentelemetry-sdk-trace\1.28.0\opentelemetry-sdk-trace-1.28.0.jar;C:\Users\2318517\.m2\repository\io\opentelemetry\opentelemetry-sdk\1.28.0\opentelemetry-sdk-1.28.0.jar;C:\Users\2318517\.m2\repository\io\opentelemetry\opentelemetry-semconv\1.28.0-alpha\opentelemetry-semconv-1.28.0-alpha.jar;C:\Users\2318517\.m2\repository\net\bytebuddy\byte-buddy\1.14.5\byte-buddy-1.14.5.jar;C:\Users\2318517\.m2\repository\org\seleniumhq\selenium\selenium-os\4.16.0\selenium-os-4.16.0.jar;C:\Users\2318517\.m2\repository\org\apache\commons\commons-exec\1.3\commons-exec-1.3.jar;C:\Users\2318517\.m2\repository\org\seleniumhq\selenium\selenium-safari-driver\4.16.0\selenium-safari-driver-4.16.0.jar;C:\Users\2318517\.m2\repository\org\seleniumhq\selenium\selenium-support\4.16.0\selenium-support-4.16.0.jar;C:\Users\2318517\.m2\repository\io\cucumber\cucumber-junit\7.14.1\cucumber-junit-7.14.1.jar;C:\Users\2318517\.m2\repository\org\apiguardian\apiguardian-api\1.1.2\apiguardian-api-1.1.2.jar;C:\Users\2318517\.m2\repository\io\cucumber\cucumber-core\7.14.1\cucumber-core-7.14.1.jar;C:\Users\2318517\.m2\repository\io\cucumber\cucumber-gherkin\7.14.1\cucumber-gherkin-7.14.1.jar;C:\Users\2318517\.m2\repository\io\cucumber\cucumber-gherkin-messages\7.14.1\cucumber-gherkin-messages-7.14.1.jar;C:\Users\2318517\.m2\repository\io\cucumber\tag-expressions\6.0.0\tag-expressions-6.0.0.jar;C:\Users\2318517\.m2\repository\io\cucumber\cucumber-expressions\17.0.1\cucumber-expressions-17.0.1.jar;C:\Users\2318517\.m2\repository\io\cucumber\datatable\7.14.1\datatable-7.14.1.jar;C:\Users\2318517\.m2\repository\io\cucumber\cucumber-plugin\7.14.1\cucumber-plugin-7.14.1.jar;C:\Users\2318517\.m2\repository\io\cucumber\docstring\7.14.1\docstring-7.14.1.jar;C:\Users\2318517\.m2\repository\io\cucumber\html-formatter\20.4.0\html-formatter-20.4.0.jar;C:\Users\2318517\.m2\repository\io\cucumber\junit-xml-formatter\0.2.0\junit-xml-formatter-0.2.0.jar;C:\Users\2318517\.m2\repository\io\cucumber\ci-environment\10.0.0\ci-environment-10.0.0.jar;C:\Users\2318517\.m2\repository\junit\junit\4.13.2\junit-4.13.2.jar;C:\Users\2318517\.m2\repository\org\hamcrest\hamcrest-core\1.3\hamcrest-core-1.3.jar;C:\Users\2318517\.m2\repository\io\cucumber\cucumber-java\7.14.1\cucumber-java-7.14.1.jar;C:\Users\2318517\.m2\repository\io\cucumber\gherkin\27.0.0\gherkin-27.0.0.jar;C:\Users\2318517\.m2\repository\io\cucumber\messages\22.0.0\messages-22.0.0.jar;C:\Users\2318517\.m2\repository\org\apache\logging\log4j\log4j-core\2.20.0\log4j-core-2.20.0.jar;C:\Users\2318517\.m2\repository\org\apache\logging\log4j\log4j-api\2.20.0\log4j-api-2.20.0.jar;C:\Users\2318517\.m2\repository\org\apache\poi\poi\5.2.3\poi-5.2.3.jar;C:\Users\2318517\.m2\repository\commons-codec\commons-codec\1.15\commons-codec-1.15.jar;C:\Users\2318517\.m2\repository\org\apache\commons\commons-collections4\4.4\commons-collections4-4.4.jar;C:\Users\2318517\.m2\repository\org\apache\commons\commons-math3\3.6.1\commons-math3-3.6.1.jar;C:\Users\2318517\.m2\repository\com\zaxxer\SparseBitSet\1.2\SparseBitSet-1.2.jar;C:\Users\2318517\.m2\repository\org\apache\poi\poi-ooxml\5.2.3\poi-ooxml-5.2.3.jar;C:\Users\2318517\.m2\repository\org\apache\poi\poi-ooxml-lite\5.2.3\poi-ooxml-lite-5.2.3.jar;C:\Users\2318517\.m2\repository\org\apache\xmlbeans\xmlbeans\5.1.1\xmlbeans-5.1.1.jar;C:\Users\2318517\.m2\repository\org\apache\commons\commons-compress\1.21\commons-compress-1.21.jar;C:\Users\2318517\.m2\repository\com\github\virtuald\curvesapi\1.07\curvesapi-1.07.jar;C:\Users\2318517\.m2\repository\commons-io\commons-io\2.11.0\commons-io-2.11.0.jar;C:\Users\2318517\.m2\repository\org\apache\commons\commons-lang3\3.12.0\commons-lang3-3.12.0.jar;C:\Users\2318517\.m2\repository\tech\grasshopper\extentreports-cucumber7-adapter\1.14.0\extentreports-cucumber7-adapter-1.14.0.jar;C:\Users\2318517\.m2\repository\com\aventstack\extentreports\5.1.0\extentreports-5.1.0.jar;C:\Users\2318517\.m2\repository\io\reactivex\rxjava3\rxjava\3.1.6\rxjava-3.1.6.jar;C:\Users\2318517\.m2\repository\org\reactivestreams\reactive-streams\1.0.4\reactive-streams-1.0.4.jar;C:\Users\2318517\.m2\repository\org\freemarker\freemarker\2.3.32\freemarker-2.3.32.jar;C:\Users\2318517\.m2\repository\org\projectlombok\lombok\1.18.26\lombok-1.18.26.jar;C:\Users\2318517\.m2\repository\com\google\code\gson\gson\2.10.1\gson-2.10.1.jar;C:\Users\2318517\.m2\repository\tech\grasshopper\extent-pdf-report\2.12.0\extent-pdf-report-2.12.0.jar;C:\Users\2318517\.m2\repository\tech\grasshopper\cucumber-pdf-report\2.14.0\cucumber-pdf-report-2.14.0.jar;C:\Users\2318517\.m2\repository\org\apache\pdfbox\pdfbox\2.0.26\pdfbox-2.0.26.jar;C:\Users\2318517\.m2\repository\org\apache\pdfbox\fontbox\2.0.26\fontbox-2.0.26.jar;C:\Users\2318517\.m2\repository\org\knowm\xchart\xchart\3.8.0\xchart-3.8.0.jar;C:\Users\2318517\.m2\repository\de\erichseifert\vectorgraphics2d\VectorGraphics2D\0.13\VectorGraphics2D-0.13.jar;C:\Users\2318517\.m2\repository\de\rototor\pdfbox\graphics2d\0.30\graphics2d-0.30.jar;C:\Users\2318517\.m2\repository\com\madgag\animated-gif-lib\1.4\animated-gif-lib-1.4.jar;C:\Users\2318517\.m2\repository\org\yaml\snakeyaml\2.0\snakeyaml-2.0.jar;C:\Users\2318517\.m2\repository\tech\grasshopper\table-layout\1.5.1\table-layout-1.5.1.jar;C:\Users\2318517\.m2\repository\tech\grasshopper\rest-assured-cucumber-pdf-report\1.5.0\rest-assured-cucumber-pdf-report-1.5.0.jar;C:\Users\2318517\.m2\repository\org\jsoup\jsoup\1.15.3\jsoup-1.15.3.jar;C:\Users\2318517\.m2\repository\com\aventstack\klov-reporter\5.1.0\klov-reporter-5.1.0.jar;C:\Users\2318517\.m2\repository\org\mongodb\mongodb-driver\3.6.4\mongodb-driver-3.6.4.jar;C:\Users\2318517\.m2\repository\org\mongodb\mongodb-driver-core\3.6.4\mongodb-driver-core-3.6.4.jar;C:\Users\2318517\.m2\repository\org\mongodb\bson\3.6.4\bson-3.6.4.jar;C:\Users\2318517\.m2\repository\org\apache\httpcomponents\httpclient\4.5.13\httpclient-4.5.13.jar;C:\Users\2318517\.m2\repository\org\apache\httpcomponents\httpcore\4.4.13\httpcore-4.4.13.jar;C:\Users\2318517\.m2\repository\commons-logging\commons-logging\1.2\commons-logging-1.2.jar;C:\Users\2318517\.m2\repository\org\apache\httpcomponents\httpmime\4.5.13\httpmime-4.5.13.jar;C:\Users\2318517\.m2\repository\tech\grasshopper\htmlextentreporter\1.1.0\htmlextentreporter-1.1.0.jar;C:\Users\2318517\.m2\repository\tech\grasshopper\extent-excel-report\1.4.0\extent-excel-report-1.4.0.jar;"/>
    <property name="java.vm.vendor" value="Eclipse Adoptium"/>
    <property name="sun.arch.data.model" value="64"/>
    <property name="user.variant" value=""/>
    <property name="java.vendor.url" value="https://adoptium.net/"/>
    <property name="user.timezone" value="Asia/Calcutta"/>
    <property name="os.name" value="Windows 11"/>
    <property name="java.vm.specification.version" value="17"/>
    <property name="sun.java.launcher" value="SUN_STANDARD"/>
    <property name="user.country" value="US"/>
    <property name="sun.boot.library.path" value="C:\Users\2318517\.p2\pool\plugins\org.eclipse.justj.openjdk.hotspot.jre.full.win32.x86_64_17.0.10.v20240120-1143\jre\bin"/>
    <property name="sun.java.command" value="C:\Users\2318517\AppData\Local\Temp\surefire4315073197204370058\surefirebooter-20240410130354732_3.jar C:\Users\2318517\AppData\Local\Temp\surefire4315073197204370058 2024-04-10T13-03-53_611-jvmRun1 surefire-20240410130354732_1tmp surefire_0-20240410130354732_2tmp"/>
    <property name="jdk.debug" value="release"/>
    <property name="surefire.test.class.path" value="C:\Users\2318517\Downloads\Cucumber_EMI_CODEZILLA 1\Cucumber_EMI_CODEZILLA\Hackathon_Project\target\test-classes;C:\Users\2318517\Downloads\Cucumber_EMI_CODEZILLA 1\Cucumber_EMI_CODEZILLA\Hackathon_Project\target\classes;C:\Users\2318517\.m2\repository\org\seleniumhq\selenium\selenium-java\4.16.0\selenium-java-4.16.0.jar;C:\Users\2318517\.m2\repository\org\seleniumhq\selenium\selenium-api\4.16.0\selenium-api-4.16.0.jar;C:\Users\2318517\.m2\repository\org\seleniumhq\selenium\selenium-chrome-driver\4.16.0\selenium-chrome-driver-4.16.0.jar;C:\Users\2318517\.m2\repository\com\google\auto\service\auto-service-annotations\1.1.1\auto-service-annotations-1.1.1.jar;C:\Users\2318517\.m2\repository\org\seleniumhq\selenium\selenium-chromium-driver\4.16.0\selenium-chromium-driver-4.16.0.jar;C:\Users\2318517\.m2\repository\org\seleniumhq\selenium\selenium-json\4.16.0\selenium-json-4.16.0.jar;C:\Users\2318517\.m2\repository\org\seleniumhq\selenium\selenium-manager\4.16.0\selenium-manager-4.16.0.jar;C:\Users\2318517\.m2\repository\org\seleniumhq\selenium\selenium-devtools-v118\4.16.0\selenium-devtools-v118-4.16.0.jar;C:\Users\2318517\.m2\repository\org\seleniumhq\selenium\selenium-devtools-v119\4.16.0\selenium-devtools-v119-4.16.0.jar;C:\Users\2318517\.m2\repository\org\seleniumhq\selenium\selenium-devtools-v120\4.16.0\selenium-devtools-v120-4.16.0.jar;C:\Users\2318517\.m2\repository\org\seleniumhq\selenium\selenium-devtools-v85\4.16.0\selenium-devtools-v85-4.16.0.jar;C:\Users\2318517\.m2\repository\org\seleniumhq\selenium\selenium-edge-driver\4.16.0\selenium-edge-driver-4.16.0.jar;C:\Users\2318517\.m2\repository\org\seleniumhq\selenium\selenium-firefox-driver\4.16.0\selenium-firefox-driver-4.16.0.jar;C:\Users\2318517\.m2\repository\org\seleniumhq\selenium\selenium-http\4.16.0\selenium-http-4.16.0.jar;C:\Users\2318517\.m2\repository\dev\failsafe\failsafe\3.3.2\failsafe-3.3.2.jar;C:\Users\2318517\.m2\repository\org\seleniumhq\selenium\selenium-ie-driver\4.16.0\selenium-ie-driver-4.16.0.jar;C:\Users\2318517\.m2\repository\org\seleniumhq\selenium\selenium-remote-driver\4.16.0\selenium-remote-driver-4.16.0.jar;C:\Users\2318517\.m2\repository\com\google\guava\guava\32.1.2-jre\guava-32.1.2-jre.jar;C:\Users\2318517\.m2\repository\com\google\guava\failureaccess\1.0.1\failureaccess-1.0.1.jar;C:\Users\2318517\.m2\repository\com\google\guava\listenablefuture\9999.0-empty-to-avoid-conflict-with-guava\listenablefuture-9999.0-empty-to-avoid-conflict-with-guava.jar;C:\Users\2318517\.m2\repository\com\google\code\findbugs\jsr305\3.0.2\jsr305-3.0.2.jar;C:\Users\2318517\.m2\repository\org\checkerframework\checker-qual\3.33.0\checker-qual-3.33.0.jar;C:\Users\2318517\.m2\repository\com\google\errorprone\error_prone_annotations\2.18.0\error_prone_annotations-2.18.0.jar;C:\Users\2318517\.m2\repository\com\google\j2objc\j2objc-annotations\2.8\j2objc-annotations-2.8.jar;C:\Users\2318517\.m2\repository\io\opentelemetry\opentelemetry-api\1.28.0\opentelemetry-api-1.28.0.jar;C:\Users\2318517\.m2\repository\io\opentelemetry\opentelemetry-context\1.28.0\opentelemetry-context-1.28.0.jar;C:\Users\2318517\.m2\repository\io\opentelemetry\opentelemetry-exporter-logging\1.28.0\opentelemetry-exporter-logging-1.28.0.jar;C:\Users\2318517\.m2\repository\io\opentelemetry\opentelemetry-sdk-metrics\1.28.0\opentelemetry-sdk-metrics-1.28.0.jar;C:\Users\2318517\.m2\repository\io\opentelemetry\opentelemetry-extension-incubator\1.28.0-alpha\opentelemetry-extension-incubator-1.28.0-alpha.jar;C:\Users\2318517\.m2\repository\io\opentelemetry\opentelemetry-sdk-logs\1.28.0\opentelemetry-sdk-logs-1.28.0.jar;C:\Users\2318517\.m2\repository\io\opentelemetry\opentelemetry-sdk-common\1.28.0\opentelemetry-sdk-common-1.28.0.jar;C:\Users\2318517\.m2\repository\io\opentelemetry\opentelemetry-sdk-extension-autoconfigure-spi\1.28.0\opentelemetry-sdk-extension-autoconfigure-spi-1.28.0.jar;C:\Users\2318517\.m2\repository\io\opentelemetry\opentelemetry-sdk-extension-autoconfigure\1.28.0\opentelemetry-sdk-extension-autoconfigure-1.28.0.jar;C:\Users\2318517\.m2\repository\io\opentelemetry\opentelemetry-api-events\1.28.0-alpha\opentelemetry-api-events-1.28.0-alpha.jar;C:\Users\2318517\.m2\repository\io\opentelemetry\opentelemetry-sdk-trace\1.28.0\opentelemetry-sdk-trace-1.28.0.jar;C:\Users\2318517\.m2\repository\io\opentelemetry\opentelemetry-sdk\1.28.0\opentelemetry-sdk-1.28.0.jar;C:\Users\2318517\.m2\repository\io\opentelemetry\opentelemetry-semconv\1.28.0-alpha\opentelemetry-semconv-1.28.0-alpha.jar;C:\Users\2318517\.m2\repository\net\bytebuddy\byte-buddy\1.14.5\byte-buddy-1.14.5.jar;C:\Users\2318517\.m2\repository\org\seleniumhq\selenium\selenium-os\4.16.0\selenium-os-4.16.0.jar;C:\Users\2318517\.m2\repository\org\apache\commons\commons-exec\1.3\commons-exec-1.3.jar;C:\Users\2318517\.m2\repository\org\seleniumhq\selenium\selenium-safari-driver\4.16.0\selenium-safari-driver-4.16.0.jar;C:\Users\2318517\.m2\repository\org\seleniumhq\selenium\selenium-support\4.16.0\selenium-support-4.16.0.jar;C:\Users\2318517\.m2\repository\io\cucumber\cucumber-junit\7.14.1\cucumber-junit-7.14.1.jar;C:\Users\2318517\.m2\repository\org\apiguardian\apiguardian-api\1.1.2\apiguardian-api-1.1.2.jar;C:\Users\2318517\.m2\repository\io\cucumber\cucumber-core\7.14.1\cucumber-core-7.14.1.jar;C:\Users\2318517\.m2\repository\io\cucumber\cucumber-gherkin\7.14.1\cucumber-gherkin-7.14.1.jar;C:\Users\2318517\.m2\repository\io\cucumber\cucumber-gherkin-messages\7.14.1\cucumber-gherkin-messages-7.14.1.jar;C:\Users\2318517\.m2\repository\io\cucumber\tag-expressions\6.0.0\tag-expressions-6.0.0.jar;C:\Users\2318517\.m2\repository\io\cucumber\cucumber-expressions\17.0.1\cucumber-expressions-17.0.1.jar;C:\Users\2318517\.m2\repository\io\cucumber\datatable\7.14.1\datatable-7.14.1.jar;C:\Users\2318517\.m2\repository\io\cucumber\cucumber-plugin\7.14.1\cucumber-plugin-7.14.1.jar;C:\Users\2318517\.m2\repository\io\cucumber\docstring\7.14.1\docstring-7.14.1.jar;C:\Users\2318517\.m2\repository\io\cucumber\html-formatter\20.4.0\html-formatter-20.4.0.jar;C:\Users\2318517\.m2\repository\io\cucumber\junit-xml-formatter\0.2.0\junit-xml-formatter-0.2.0.jar;C:\Users\2318517\.m2\repository\io\cucumber\ci-environment\10.0.0\ci-environment-10.0.0.jar;C:\Users\2318517\.m2\repository\junit\junit\4.13.2\junit-4.13.2.jar;C:\Users\2318517\.m2\repository\org\hamcrest\hamcrest-core\1.3\hamcrest-core-1.3.jar;C:\Users\2318517\.m2\repository\io\cucumber\cucumber-java\7.14.1\cucumber-java-7.14.1.jar;C:\Users\2318517\.m2\repository\io\cucumber\gherkin\27.0.0\gherkin-27.0.0.jar;C:\Users\2318517\.m2\repository\io\cucumber\messages\22.0.0\messages-22.0.0.jar;C:\Users\2318517\.m2\repository\org\apache\logging\log4j\log4j-core\2.20.0\log4j-core-2.20.0.jar;C:\Users\2318517\.m2\repository\org\apache\logging\log4j\log4j-api\2.20.0\log4j-api-2.20.0.jar;C:\Users\2318517\.m2\repository\org\apache\poi\poi\5.2.3\poi-5.2.3.jar;C:\Users\2318517\.m2\repository\commons-codec\commons-codec\1.15\commons-codec-1.15.jar;C:\Users\2318517\.m2\repository\org\apache\commons\commons-collections4\4.4\commons-collections4-4.4.jar;C:\Users\2318517\.m2\repository\org\apache\commons\commons-math3\3.6.1\commons-math3-3.6.1.jar;C:\Users\2318517\.m2\repository\com\zaxxer\SparseBitSet\1.2\SparseBitSet-1.2.jar;C:\Users\2318517\.m2\repository\org\apache\poi\poi-ooxml\5.2.3\poi-ooxml-5.2.3.jar;C:\Users\2318517\.m2\repository\org\apache\poi\poi-ooxml-lite\5.2.3\poi-ooxml-lite-5.2.3.jar;C:\Users\2318517\.m2\repository\org\apache\xmlbeans\xmlbeans\5.1.1\xmlbeans-5.1.1.jar;C:\Users\2318517\.m2\repository\org\apache\commons\commons-compress\1.21\commons-compress-1.21.jar;C:\Users\2318517\.m2\repository\com\github\virtuald\curvesapi\1.07\curvesapi-1.07.jar;C:\Users\2318517\.m2\repository\commons-io\commons-io\2.11.0\commons-io-2.11.0.jar;C:\Users\2318517\.m2\repository\org\apache\commons\commons-lang3\3.12.0\commons-lang3-3.12.0.jar;C:\Users\2318517\.m2\repository\tech\grasshopper\extentreports-cucumber7-adapter\1.14.0\extentreports-cucumber7-adapter-1.14.0.jar;C:\Users\2318517\.m2\repository\com\aventstack\extentreports\5.1.0\extentreports-5.1.0.jar;C:\Users\2318517\.m2\repository\io\reactivex\rxjava3\rxjava\3.1.6\rxjava-3.1.6.jar;C:\Users\2318517\.m2\repository\org\reactivestreams\reactive-streams\1.0.4\reactive-streams-1.0.4.jar;C:\Users\2318517\.m2\repository\org\freemarker\freemarker\2.3.32\freemarker-2.3.32.jar;C:\Users\2318517\.m2\repository\org\projectlombok\lombok\1.18.26\lombok-1.18.26.jar;C:\Users\2318517\.m2\repository\com\google\code\gson\gson\2.10.1\gson-2.10.1.jar;C:\Users\2318517\.m2\repository\tech\grasshopper\extent-pdf-report\2.12.0\extent-pdf-report-2.12.0.jar;C:\Users\2318517\.m2\repository\tech\grasshopper\cucumber-pdf-report\2.14.0\cucumber-pdf-report-2.14.0.jar;C:\Users\2318517\.m2\repository\org\apache\pdfbox\pdfbox\2.0.26\pdfbox-2.0.26.jar;C:\Users\2318517\.m2\repository\org\apache\pdfbox\fontbox\2.0.26\fontbox-2.0.26.jar;C:\Users\2318517\.m2\repository\org\knowm\xchart\xchart\3.8.0\xchart-3.8.0.jar;C:\Users\2318517\.m2\repository\de\erichseifert\vectorgraphics2d\VectorGraphics2D\0.13\VectorGraphics2D-0.13.jar;C:\Users\2318517\.m2\repository\de\rototor\pdfbox\graphics2d\0.30\graphics2d-0.30.jar;C:\Users\2318517\.m2\repository\com\madgag\animated-gif-lib\1.4\animated-gif-lib-1.4.jar;C:\Users\2318517\.m2\repository\org\yaml\snakeyaml\2.0\snakeyaml-2.0.jar;C:\Users\2318517\.m2\repository\tech\grasshopper\table-layout\1.5.1\table-layout-1.5.1.jar;C:\Users\2318517\.m2\repository\tech\grasshopper\rest-assured-cucumber-pdf-report\1.5.0\rest-assured-cucumber-pdf-report-1.5.0.jar;C:\Users\2318517\.m2\repository\org\jsoup\jsoup\1.15.3\jsoup-1.15.3.jar;C:\Users\2318517\.m2\repository\com\aventstack\klov-reporter\5.1.0\klov-reporter-5.1.0.jar;C:\Users\2318517\.m2\repository\org\mongodb\mongodb-driver\3.6.4\mongodb-driver-3.6.4.jar;C:\Users\2318517\.m2\repository\org\mongodb\mongodb-driver-core\3.6.4\mongodb-driver-core-3.6.4.jar;C:\Users\2318517\.m2\repository\org\mongodb\bson\3.6.4\bson-3.6.4.jar;C:\Users\2318517\.m2\repository\org\apache\httpcomponents\httpclient\4.5.13\httpclient-4.5.13.jar;C:\Users\2318517\.m2\repository\org\apache\httpcomponents\httpcore\4.4.13\httpcore-4.4.13.jar;C:\Users\2318517\.m2\repository\commons-logging\commons-logging\1.2\commons-logging-1.2.jar;C:\Users\2318517\.m2\repository\org\apache\httpcomponents\httpmime\4.5.13\httpmime-4.5.13.jar;C:\Users\2318517\.m2\repository\tech\grasshopper\htmlextentreporter\1.1.0\htmlextentreporter-1.1.0.jar;C:\Users\2318517\.m2\repository\tech\grasshopper\extent-excel-report\1.4.0\extent-excel-report-1.4.0.jar;"/>
    <property name="sun.cpu.endian" value="little"/>
    <property name="user.home" value="C:\Users\2318517"/>
    <property name="user.language" value="en"/>
    <property name="java.specification.vendor" value="Oracle Corporation"/>
    <property name="java.version.date" value="2024-01-16"/>
    <property name="java.home" value="C:\Users\2318517\.p2\pool\plugins\org.eclipse.justj.openjdk.hotspot.jre.full.win32.x86_64_17.0.10.v20240120-1143\jre"/>
    <property name="file.separator" value="\"/>
    <property name="style.color" value="always"/>
    <property name="basedir" value="C:\Users\2318517\Downloads\Cucumber_EMI_CODEZILLA 1\Cucumber_EMI_CODEZILLA\Hackathon_Project"/>
    <property name="java.vm.compressedOopsMode" value="Zero based"/>
    <property name="line.separator" value="&#10;"/>
    <property name="java.vm.specification.vendor" value="Oracle Corporation"/>
    <property name="java.specification.name" value="Java Platform API Specification"/>
    <property name="surefire.real.class.path" value="C:\Users\2318517\AppData\Local\Temp\surefire4315073197204370058\surefirebooter-20240410130354732_3.jar"/>
    <property name="user.script" value=""/>
    <property name="sun.management.compiler" value="HotSpot 64-Bit Tiered Compilers"/>
    <property name="java.runtime.version" value="17.0.10+7"/>
    <property name="user.name" value="2318517"/>
    <property name="path.separator" value=";"/>
    <property name="os.version" value="10.0"/>
    <property name="java.runtime.name" value="OpenJDK Runtime Environment"/>
    <property name="file.encoding" value="Cp1252"/>
    <property name="java.vm.name" value="OpenJDK 64-Bit Server VM"/>
    <property name="java.vendor.version" value="Temurin-17.0.10+7"/>
    <property name="localRepository" value="C:\Users\2318517\.m2\repository"/>
    <property name="java.vendor.url.bug" value="https://github.com/adoptium/adoptium-support/issues"/>
    <property name="java.io.tmpdir" value="C:\Users\2318517\AppData\Local\Temp\"/>
    <property name="java.version" value="17.0.10"/>
    <property name="user.dir" value="C:\Users\2318517\Downloads\Cucumber_EMI_CODEZILLA 1\Cucumber_EMI_CODEZILLA\Hackathon_Project"/>
    <property name="os.arch" value="amd64"/>
    <property name="java.vm.specification.name" value="Java Virtual Machine Specification"/>
    <property name="sun.os.patch.level" value=""/>
    <property name="native.encoding" value="Cp1252"/>
    <property name="java.library.path" value="C:\Users\2318517\.p2\pool\plugins\org.eclipse.justj.openjdk.hotspot.jre.full.win32.x86_64_17.0.10.v20240120-1143\jre\bin;C:\WINDOWS\Sun\Java\bin;C:\WINDOWS\system32;C:\WINDOWS;C:/Users/2318517/.p2/pool/plugins/org.eclipse.justj.openjdk.hotspot.jre.full.win32.x86_64_17.0.10.v20240120-1143/jre/bin/server;C:/Users/2318517/.p2/pool/plugins/org.eclipse.justj.openjdk.hotspot.jre.full.win32.x86_64_17.0.10.v20240120-1143/jre/bin;C:\Program Files\Zulu\zulu-17\bin\;C:\WINDOWS\system32;C:\WINDOWS;C:\WINDOWS\System32\Wbem;C:\WINDOWS\System32\WindowsPowerShell\v1.0\;C:\WINDOWS\System32\OpenSSH\;C:\Program Files\Git\cmd;C:\Users\2318517\AppData\Local\Microsoft\WindowsApps;;C:\Users\2318517\eclipse\jee-2022-092\eclipse;;."/>
    <property name="java.vm.info" value="mixed mode"/>
    <property name="java.vendor" value="Eclipse Adoptium"/>
    <property name="java.vm.version" value="17.0.10+7"/>
    <property name="sun.io.unicode.encoding" value="UnicodeLittle"/>
    <property name="java.class.version" value="61.0"/>
  </properties>
  <testcase name="Enter the Valid Credentials" classname="Car loan EMI calculator" time="14.121">
    <system-out><![CDATA[
@sanity
Scenario Outline: Enter the Valid Credentials # Features/CarLoanEmi.feature:14
  Given the user click car loan               # StepDefenitions.EnteringValuesForCarLoan.the_user_click_car_loan()

    Embedding Enter the Valid Credentials [image/png 189035 bytes]

{interest=9.5, loan_amount=1500000, tenure=-375}
1500000 9.5 -375
  Then enter the values with excel row "1"    # StepDefenitions.EnteringValuesForCarLoan.enter_the_values_with_excel_row(java.lang.String)

    Embedding Enter the Valid Credentials [image/png 187790 bytes]

  And the user clicks on the year button      # StepDefenitions.EnteringValuesForCarLoan.the_user_clicks_on_the_year_button()

    Embedding Enter the Valid Credentials [image/png 187832 bytes]

  Then the user scroll to the table           # StepDefenitions.DisplayAndStoreYearTable.the_user_scroll_to_the_table()

    Embedding Enter the Valid Credentials [image/png 71778 bytes]

  Then the user click on the years            # StepDefenitions.DisplayAndStoreYearTable.the_user_click_on_the_years()

    Embedding Enter the Valid Credentials [image/png 77820 bytes]

2024₹ 11,11,590₹ 72,137
Apr₹ 1,19,650₹ 11,875
May₹ 1,20,597₹ 10,928
Jun₹ 1,21,552₹ 9,973
Jul₹ 1,22,515₹ 9,011
Aug₹ 1,23,484₹ 8,041
Sep₹ 1,24,462₹ 7,063
Oct₹ 1,25,447₹ 6,078
Nov₹ 1,26,440₹ 5,085
Dec₹ 1,27,441₹ 4,084
2025₹ 3,88,410₹ 6,166
Jan₹ 1,28,450₹ 3,075
Feb₹ 1,29,467₹ 2,058
Mar₹ 1,30,492₹ 1,033
  And display the EMI data                    # StepDefenitions.DisplayAndStoreYearTable.display_the_emi_data()

    Embedding Enter the Valid Credentials [image/png 135251 bytes]

]]></system-out>
  </testcase>
  <testcase name="Extracting the results" classname="Car loan EMI calculator" time="15.003">
    <system-out><![CDATA[
Scenario: Extracting the results           # Features/CarLoanEmi.feature:15
  Given the user navigates to HomeLoanPage # StepDefenitions.DisplayAndStoreYearTable.the_user_navigates_to_home_loan_page()

    Embedding Extracting the results [image/png 190377 bytes]

  Then the user scroll to table            # StepDefenitions.DisplayAndStoreYearTable.the_user_scroll_to_table()

    Embedding Extracting the results [image/png 218454 bytes]

  And writing data into the excel          # StepDefenitions.DisplayAndStoreYearTable.writing_data_into_the_excel()

    Embedding Extracting the results [image/png 218454 bytes]

]]></system-out>
  </testcase>
  <testcase name="EMIcalculator UI Validation" classname="UI checks in EMI calculator page" time="15.79">
    <system-out><![CDATA[
@regression
Scenario: EMIcalculator UI Validation                                           # Features/EMIcalcPage.feature:4
  Given the user navigates to emi calculator page                               # StepDefenitions.EMIcalcPage.the_user_navigates_to_emi_calculator_page()

    Embedding EMIcalculator UI Validation [image/png 217237 bytes]

  When the LoanAmount Textbox and Slider is visible and enabled to the user     # StepDefenitions.EMIcalcPage.the_loan_amount_textbox_and_slider_is_visible_and_displayed_to_the_user()

    Embedding EMIcalculator UI Validation [image/png 217237 bytes]

  And the scale change done by user reflects correctly in LoanAmount Textbox    # StepDefenitions.EMIcalcPage.the_scale_change_done_by_user_reflects_correctly_in_loan_amount_textbox()

    Embedding EMIcalculator UI Validation [image/png 217429 bytes]

  And the InterestRate Textbox and Slider is visible and enabled to the user    # StepDefenitions.EMIcalcPage.the_interest_rate_textbox_and_slider_is_visible_and_displayed_to_the_user()

    Embedding EMIcalculator UI Validation [image/png 217429 bytes]

  And the scale change done by user reflects correctly in InterestRate Textbox  # StepDefenitions.EMIcalcPage.the_scale_change_done_by_user_reflects_correctly_in_interest_rate_textbox()

    Embedding EMIcalculator UI Validation [image/png 217427 bytes]

  And the LoanTenure Textbox and Slider is visible and enabled to the user      # StepDefenitions.EMIcalcPage.the_loan_tenure_textbox_and_slider_is_visible_and_displayed_to_the_user()

    Embedding EMIcalculator UI Validation [image/png 217427 bytes]

  And the scale change done by user reflects correctly in LoanTenure Textbox    # StepDefenitions.EMIcalcPage.the_scale_change_done_by_user_reflects_correctly_in_loan_tenure_textbox()

    Embedding EMIcalculator UI Validation [image/png 166845 bytes]

  And the FeesAndCharge Textbox and Slider is visible and enabled to the user   # StepDefenitions.EMIcalcPage.the_fees_and_charge_textbox_and_slider_is_visible_and_displayed_to_the_user()

    Embedding EMIcalculator UI Validation [image/png 166845 bytes]

  And the scale change done by user reflects correctly in FeesAndCharge Textbox # StepDefenitions.EMIcalcPage.the_scale_change_done_by_user_reflects_correctly_in_fees_and_charge_textbox()

    Embedding EMIcalculator UI Validation [image/png 141901 bytes]

  And the YearAndMonth change done by user reflects correctly                   # StepDefenitions.EMIcalcPage.the_year_and_month_change_done_by_user_reflects_correctly()

    Embedding EMIcalculator UI Validation [image/png 142735 bytes]

UI checks in Loan Calculator page is done
  Then the EMIcalculator page UI checks are validated                           # StepDefenitions.EMIcalcPage.the_em_icalculator_page_ui_checks_are_validated()

    Embedding EMIcalculator UI Validation [image/png 142996 bytes]

]]></system-out>
  </testcase>
  <testcase name="Loan Amount Calculator UI Check" classname="Loan Amount Calculator UI Check" time="15.459">
    <system-out><![CDATA[
@regression
Scenario: Loan Amount Calculator UI Check                                            # Features/LoanAmountCalc.feature:4
  Given user click the Loan Amount Calculator button                                 # StepDefenitions.LoanAmountCalcPage.user_click_the_loan_amount_calculator_button()

    Embedding Loan Amount Calculator UI Check [image/png 225517 bytes]

  When user validates EMI textbox and slider                                         # StepDefenitions.LoanAmountCalcPage.user_validates_emi_textbox_and_slider()

    Embedding Loan Amount Calculator UI Check [image/png 225517 bytes]

  And user validates interest rate textbox and slider                                # StepDefenitions.LoanAmountCalcPage.user_validates_interest_rate_textbox_and_slider()

    Embedding Loan Amount Calculator UI Check [image/png 225517 bytes]

  And user validates scale change for interest rate textbox and slider               # StepDefenitions.LoanAmountCalcPage.user_validates_scale_change_for_interest_rate_textbox_and_slider()

    Embedding Loan Amount Calculator UI Check [image/png 225461 bytes]

  And user validates loan tenure textbox and slider                                  # StepDefenitions.LoanAmountCalcPage.user_validates_loan_tenure_textbox_and_slider()

    Embedding Loan Amount Calculator UI Check [image/png 225461 bytes]

  And user validates scale change for loan tenure textbox and slider                 # StepDefenitions.LoanAmountCalcPage.user_validates_scale_change_for_loan_tenure_textbox_and_slider()

    Embedding Loan Amount Calculator UI Check [image/png 154108 bytes]

  And user validates fees and charges textbox and slider                             # StepDefenitions.LoanAmountCalcPage.user_validates_fees_and_charges_textbox_and_slider()

    Embedding Loan Amount Calculator UI Check [image/png 154108 bytes]

  And user validates year and month option                                           # StepDefenitions.LoanAmountCalcPage.user_validates_year_and_month_option()

    Embedding Loan Amount Calculator UI Check [image/png 154553 bytes]

  And user validates scale change for loanamount fees and charges textbox and slider # StepDefenitions.LoanAmountCalcPage.user_validates_scale_change_for_loanamount_fees_and_charges_textbox_and_slider()

    Embedding Loan Amount Calculator UI Check [image/png 132011 bytes]

  Then Loan Amount Calculator UI Check validation is successful                      # StepDefenitions.LoanAmountCalcPage.loan_amount_calculator_ui_check_validation_is_successful()

    Embedding Loan Amount Calculator UI Check [image/png 132011 bytes]

]]></system-out>
  </testcase>
  <testcase name="Loan Tenure Calculator UI Check" classname="Loan Tenure Calculator UI Check" time="14.572">
    <system-out><![CDATA[
@regression
Scenario: Loan Tenure Calculator UI Check                                            # Features/LoanTenureCalcPage.feature:4
  Given user click the Loan Tenure Calculator button                                 # StepDefenitions.LoanTenureCalcPage.user_click_the_loan_tenure_calculator_button()

    Embedding Loan Tenure Calculator UI Check [image/png 225323 bytes]

  When user validate loan amount textbox and slider                                  # StepDefenitions.LoanTenureCalcPage.user_validate_loan_amount_textbox_and_slider()

    Embedding Loan Tenure Calculator UI Check [image/png 225323 bytes]

  And user validate scale change for loan amount textbox and slider                  # StepDefenitions.LoanTenureCalcPage.user_validate_scale_change_for_loan_amount_textbox_and_slider()

    Embedding Loan Tenure Calculator UI Check [image/png 225380 bytes]

  And user validate EMI textbox and slider                                           # StepDefenitions.LoanTenureCalcPage.user_validate_emi_textbox_and_slider()

    Embedding Loan Tenure Calculator UI Check [image/png 225380 bytes]

  And user validate interest rate textbox and slider                                 # StepDefenitions.LoanTenureCalcPage.user_validate_interest_rate_textbox_and_slider()

    Embedding Loan Tenure Calculator UI Check [image/png 225380 bytes]

  And user validate scale change for interest interest rate textbox and slider       # StepDefenitions.LoanTenureCalcPage.user_validate_scale_change_for_interest_interest_rate_textbox_and_slider()

    Embedding Loan Tenure Calculator UI Check [image/png 167044 bytes]

  And user validate fees and charges textbox and slider                              # StepDefenitions.LoanTenureCalcPage.user_validate_fees_and_charges_textbox_and_slider()

    Embedding Loan Tenure Calculator UI Check [image/png 167044 bytes]

  And user validates scale change for loantenure fees and charges textbox and slider # StepDefenitions.LoanTenureCalcPage.user_validates_scale_change_for_loantenure_fees_and_charges_textbox_and_slider()

    Embedding Loan Tenure Calculator UI Check [image/png 142895 bytes]

Loan Tenure UI Check validation is successful
  Then Loan Tenure UI Check validation is successful                                 # StepDefenitions.LoanTenureCalcPage.loan_tenure_ui_check_validation_is_successful()

    Embedding Loan Tenure Calculator UI Check [image/png 142895 bytes]

]]></system-out>
  </testcase>
</testsuite>